<?xml version="1.0" encoding="UTF-8"?>
<testsuite xmlns:xsi="http://www.w3.org/2001/XMLSchema-instance" xsi:noNamespaceSchemaLocation="https://maven.apache.org/surefire/maven-surefire-plugin/xsd/surefire-test-report-3.0.xsd" version="3.0" name="com.task.SpringbootTask.SpringbootTaskApplicationTests" time="4.245" tests="1" errors="0" skipped="0" failures="0">
  <properties>
[...]
</properties>
  <testcase name="contextLoads" classname="com.task.SpringbootTask.SpringbootTaskApplicationTests" time="0.359">
    <system-out><![CDATA[15:40:34.096 [main] INFO org.springframework.test.context.support.AnnotationConfigContextLoaderUtils -- Could not detect default configuration classes for test class [com.task.SpringbootTask.SpringbootTaskApplicationTests]: SpringbootTaskApplicationTests does not declare any static, non-private, non-final, nested classes annotated with @Configuration.
15:40:34.182 [main] INFO org.springframework.boot.test.context.SpringBootTestContextBootstrapper -- Found @SpringBootConfiguration com.task.SpringbootTask.SpringbootTaskApplication for test class com.task.SpringbootTask.SpringbootTaskApplicationTests

  .   ____          _            __ _ _
 /\\ / ___'_ __ _ _(_)_ __  __ _ \ \ \ \
( ( )\___ | '_ | '_| | '_ \/ _` | \ \ \ \
 \\/  ___)| |_)| | | | | || (_| |  ) ) ) )
  '  |____| .__|_| |_|_| |_\__, | / / / /
 =========|_|==============|___/=/_/_/_/

 :: Spring Boot ::                (v3.3.3)

2024-09-14T15:40:34.534-05:00  INFO 18800 --- [SpringbootTask] [           main] c.t.S.SpringbootTaskApplicationTests     : Starting SpringbootTaskApplicationTests using Java 17 with PID 18800 (started by Bud in C:\Users\Bud\Desktop\SpringBootRepo\TaskApp\SpringbootTask)
2024-09-14T15:40:34.536-05:00  INFO 18800 --- [SpringbootTask] [           main] c.t.S.SpringbootTaskApplicationTests     : No active profile set, falling back to 1 default profile: "default"
2024-09-14T15:40:35.109-05:00  INFO 18800 --- [SpringbootTask] [           main] .s.d.r.c.RepositoryConfigurationDelegate : Bootstrapping Spring Data JPA repositories in DEFAULT mode.
2024-09-14T15:40:35.165-05:00  INFO 18800 --- [SpringbootTask] [           main] .s.d.r.c.RepositoryConfigurationDelegate : Finished Spring Data repository scanning in 48 ms. Found 1 JPA repository interface.
2024-09-14T15:40:35.569-05:00  INFO 18800 --- [SpringbootTask] [           main] com.zaxxer.hikari.HikariDataSource       : HikariPool-1 - Starting...
2024-09-14T15:40:35.718-05:00  INFO 18800 --- [SpringbootTask] [           main] com.zaxxer.hikari.pool.HikariPool        : HikariPool-1 - Added connection conn0: url=jdbc:h2:mem:d289640c-49ca-42e1-897a-decf55315e22 user=SA
2024-09-14T15:40:35.720-05:00  INFO 18800 --- [SpringbootTask] [           main] com.zaxxer.hikari.HikariDataSource       : HikariPool-1 - Start completed.
2024-09-14T15:40:35.773-05:00  INFO 18800 --- [SpringbootTask] [           main] o.hibernate.jpa.internal.util.LogHelper  : HHH000204: Processing PersistenceUnitInfo [name: default]
2024-09-14T15:40:35.868-05:00  INFO 18800 --- [SpringbootTask] [           main] org.hibernate.Version                    : HHH000412: Hibernate ORM core version 6.5.2.Final
2024-09-14T15:40:35.902-05:00  INFO 18800 --- [SpringbootTask] [           main] o.h.c.internal.RegionFactoryInitiator    : HHH000026: Second-level cache disabled
2024-09-14T15:40:36.249-05:00  INFO 18800 --- [SpringbootTask] [           main] o.s.o.j.p.SpringPersistenceUnitInfo      : No LoadTimeWeaver setup: ignoring JPA class transformer
2024-09-14T15:40:36.947-05:00  INFO 18800 --- [SpringbootTask] [           main] o.h.e.t.j.p.i.JtaPlatformInitiator       : HHH000489: No JTA platform available (set 'hibernate.transaction.jta.platform' to enable JTA platform integration)
2024-09-14T15:40:36.975-05:00  INFO 18800 --- [SpringbootTask] [           main] j.LocalContainerEntityManagerFactoryBean : Initialized JPA EntityManagerFactory for persistence unit 'default'
2024-09-14T15:40:37.360-05:00  WARN 18800 --- [SpringbootTask] [           main] JpaBaseConfiguration$JpaWebConfiguration : spring.jpa.open-in-view is enabled by default. Therefore, database queries may be performed during view rendering. Explicitly configure spring.jpa.open-in-view to disable this warning
2024-09-14T15:40:37.823-05:00  INFO 18800 --- [SpringbootTask] [           main] c.t.S.SpringbootTaskApplicationTests     : Started SpringbootTaskApplicationTests in 3.516 seconds (process running for 4.249)
]]></system-out>
  </testcase>
</testsuite>